03:27:28: Creating resource group General
03:27:28: Creating resource group Internal
03:27:28: Creating resource group Autodetect
03:27:28: SceneManagerFactory for type 'DefaultSceneManager' registered.
03:27:28: Registering ResourceManager for type Material
03:27:28: Registering ResourceManager for type Mesh
03:27:28: Registering ResourceManager for type Skeleton
03:27:28: MovableObjectFactory for type 'ParticleSystem' registered.
03:27:28: ArchiveFactory for archive type FileSystem registered.
03:27:28: ArchiveFactory for archive type Zip registered.
03:27:28: ArchiveFactory for archive type EmbeddedZip registered.
03:27:28: DDS codec registering
03:27:28: FreeImage version: 3.15.3
03:27:28: This program uses FreeImage, a free, open source image library supporting all common bitmap formats. See http://freeimage.sourceforge.net for details
03:27:28: Supported formats: bmp,ico,jpg,jif,jpeg,jpe,jng,koa,iff,lbm,mng,pbm,pbm,pcd,pcx,pgm,pgm,png,ppm,ppm,ras,tga,targa,tif,tiff,wap,wbmp,wbm,psd,cut,xbm,xpm,gif,hdr,g3,sgi,exr,j2k,j2c,jp2,pfm,pct,pict,pic,3fr,arw,bay,bmq,cap,cine,cr2,crw,cs1,dc2,dcr,drf,dsc,dng,erf,fff,ia,iiq,k25,kc2,kdc,mdc,mef,mos,mrw,nef,nrw,orf,pef,ptx,pxn,qtk,raf,raw,rdc,rw2,rwl,rwz,sr2,srf,srw,sti
03:27:28: Registering ResourceManager for type HighLevelGpuProgram
03:27:28: Registering ResourceManager for type Compositor
03:27:28: MovableObjectFactory for type 'Entity' registered.
03:27:28: MovableObjectFactory for type 'Light' registered.
03:27:28: MovableObjectFactory for type 'BillboardSet' registered.
03:27:28: MovableObjectFactory for type 'ManualObject' registered.
03:27:28: MovableObjectFactory for type 'BillboardChain' registered.
03:27:28: MovableObjectFactory for type 'RibbonTrail' registered.
03:27:28: Loading library .\RenderSystem_Direct3D9_d
03:27:28: Installing plugin: D3D9 RenderSystem
03:27:28: D3D9 : Direct3D9 Rendering Subsystem created.
03:27:28: D3D9: Driver Detection Starts
03:27:28: D3D9: Driver Detection Ends
03:27:28: Plugin successfully installed
03:27:28: Loading library .\RenderSystem_Direct3D11_d
03:27:28: Installing plugin: D3D11 RenderSystem
03:27:28: D3D11 : Direct3D11 Rendering Subsystem created.
03:27:28: D3D11: Driver Detection Starts
03:27:28: D3D11: Driver Detection Ends
03:27:28: Plugin successfully installed
03:27:28: Loading library .\RenderSystem_GL_d
03:27:28: Installing plugin: GL RenderSystem
03:27:28: OpenGL Rendering Subsystem created.
03:27:28: Plugin successfully installed
03:27:28: Loading library .\Plugin_ParticleFX_d
03:27:28: Installing plugin: ParticleFX
03:27:28: Particle Emitter Type 'Point' registered
03:27:28: Particle Emitter Type 'Box' registered
03:27:28: Particle Emitter Type 'Ellipsoid' registered
03:27:28: Particle Emitter Type 'Cylinder' registered
03:27:28: Particle Emitter Type 'Ring' registered
03:27:28: Particle Emitter Type 'HollowEllipsoid' registered
03:27:28: Particle Affector Type 'LinearForce' registered
03:27:28: Particle Affector Type 'ColourFader' registered
03:27:28: Particle Affector Type 'ColourFader2' registered
03:27:28: Particle Affector Type 'ColourImage' registered
03:27:28: Particle Affector Type 'ColourInterpolator' registered
03:27:28: Particle Affector Type 'Scaler' registered
03:27:28: Particle Affector Type 'Rotator' registered
03:27:28: Particle Affector Type 'DirectionRandomiser' registered
03:27:28: Particle Affector Type 'DeflectorPlane' registered
03:27:28: Plugin successfully installed
03:27:28: Loading library .\Plugin_BSPSceneManager_d
03:27:28: Installing plugin: BSP Scene Manager
03:27:28: Plugin successfully installed
03:27:28: Loading library .\Plugin_CgProgramManager_d
03:27:28: Installing plugin: Cg Program Manager
03:27:28: Plugin successfully installed
03:27:28: Loading library .\Plugin_PCZSceneManager_d
03:27:28: Installing plugin: Portal Connected Zone Scene Manager
03:27:28: PCZone Factory Type 'ZoneType_Default' registered
03:27:28: Plugin successfully installed
03:27:28: Loading library .\Plugin_OctreeZone_d
03:27:28: Installing plugin: Octree Zone Factory
03:27:28: Plugin successfully installed
03:27:28: Loading library .\Plugin_OctreeSceneManager_d
03:27:28: Installing plugin: Octree Scene Manager
03:27:28: Plugin successfully installed
03:27:28: *-*-* OGRE Initialising
03:27:28: *-*-* Version 1.9.0 (Ghadamon)
03:27:28: Added resource location '../OgreSDK_vc11_v1-9-0/Media/thumbnails' of type 'FileSystem' to resource group 'General'
03:27:28: Added resource location '../ppt/guswl' of type 'FileSystem' to resource group 'General'
03:27:28: OGRE EXCEPTION(7:InternalErrorException): ../OgreSDK_vc11_v1-9-0/Media/packs/SdkTrays.zip - error whilst opening archive: Unable to read zip file. in ZipArchive::checkZzipError at ..\..\..\..\OgreMain\src\OgreZip.cpp (line 310)
03:27:38: *-*-* OGRE Shutdown
03:27:38: Unregistering ResourceManager for type Compositor
03:27:38: Unregistering ResourceManager for type Skeleton
03:27:38: Unregistering ResourceManager for type Mesh
03:27:38: Unregistering ResourceManager for type HighLevelGpuProgram
03:27:38: Uninstalling plugin: Octree Scene Manager
03:27:38: Plugin successfully uninstalled
03:27:38: Unloading library .\Plugin_OctreeSceneManager_d
03:27:38: Uninstalling plugin: Octree Zone Factory
03:27:38: Plugin successfully uninstalled
03:27:38: Unloading library .\Plugin_OctreeZone_d
03:27:38: Uninstalling plugin: Portal Connected Zone Scene Manager
03:27:38: Plugin successfully uninstalled
03:27:38: Unloading library .\Plugin_PCZSceneManager_d
03:27:38: Uninstalling plugin: Cg Program Manager
03:27:38: Plugin successfully uninstalled
03:27:38: Unloading library .\Plugin_CgProgramManager_d
03:27:38: Uninstalling plugin: BSP Scene Manager
03:27:38: Plugin successfully uninstalled
03:27:38: Unloading library .\Plugin_BSPSceneManager_d
03:27:38: Uninstalling plugin: ParticleFX
03:27:38: Plugin successfully uninstalled
03:27:38: Unloading library .\Plugin_ParticleFX_d
03:27:38: Uninstalling plugin: GL RenderSystem
03:27:38: *** Stopping Win32GL Subsystem ***
03:27:38: Plugin successfully uninstalled
03:27:38: Unloading library .\RenderSystem_GL_d
03:27:38: Uninstalling plugin: D3D11 RenderSystem
03:27:38: D3D11 : Shutting down cleanly.
03:27:38: D3D11 : Direct3D11 Rendering Subsystem destroyed.
03:27:38: Plugin successfully uninstalled
03:27:38: Unloading library .\RenderSystem_Direct3D11_d
03:27:38: Uninstalling plugin: D3D9 RenderSystem
03:27:38: D3D9 : Shutting down cleanly.
03:27:38: D3D9 : Direct3D9 Rendering Subsystem destroyed.
03:27:38: Plugin successfully uninstalled
03:27:38: Unloading library .\RenderSystem_Direct3D9_d
03:27:38: Unregistering ResourceManager for type Material
